#
# There is insufficient memory for the Java Runtime Environment to continue.
# Native memory allocation (malloc) failed to allocate 32744 bytes for ChunkPool::allocate
# Possible reasons:
#   The system is out of physical RAM or swap space
#   The process is running with CompressedOops enabled, and the Java Heap may be blocking the growth of the native heap
# Possible solutions:
#   Reduce memory load on the system
#   Increase physical memory or swap space
#   Check if swap backing store is full
#   Decrease Java heap size (-Xmx/-Xms)
#   Decrease number of Java threads
#   Decrease Java thread stack sizes (-Xss)
#   Set larger code cache with -XX:ReservedCodeCacheSize=
#   JVM is running with Zero Based Compressed Oops mode in which the Java heap is
#     placed in the first 32GB address space. The Java Heap base address is the
#     maximum limit for the native heap growth. Please use -XX:HeapBaseMinAddress
#     to set the Java Heap base and to place the Java Heap above 32GB virtual address.
# This output file may be truncated or incomplete.
#
#  Out of Memory Error (allocation.cpp:272), pid=4176, tid=0x0000000000001ca8
#
# JRE version: OpenJDK Runtime Environment (8.0_342-b07) (build 1.8.0_342-b07)
# Java VM: OpenJDK 64-Bit Server VM (25.342-b07 mixed mode windows-amd64 compressed oops)
# Failed to write core dump. Minidumps are not enabled by default on client versions of Windows
#

---------------  T H R E A D  ---------------

Current thread (0x000001e8c661a800):  JavaThread "C1 CompilerThread9" daemon [_thread_in_native, id=7336, stack(0x0000009c2ed00000,0x0000009c2ee00000)]

Stack: [0x0000009c2ed00000,0x0000009c2ee00000]
[error occurred during error reporting (printing stack bounds), id 0xc0000005]

Native frames: (J=compiled Java code, j=interpreted, Vv=VM code, C=native code)


Current CompileTask:
C1:  75470 7085       1       org.springframework.http.MediaType$$Lambda$640/734518153::<init> (10 bytes)


---------------  P R O C E S S  ---------------

Java Threads: ( => current thread )
  0x000001e8c9451800 JavaThread "RMI TCP Connection(idle)" daemon [_thread_blocked, id=8232, stack(0x0000009c30500000,0x0000009c30600000)]
  0x000001e8c944d800 JavaThread "DestroyJavaVM" [_thread_blocked, id=13596, stack(0x0000009c2d000000,0x0000009c2d100000)]
  0x000001e8c8fa2800 JavaThread "http-nio-0.0.0.0-8808-Acceptor" daemon [_thread_in_native, id=20656, stack(0x0000009c30400000,0x0000009c30500000)]
  0x000001e8c8fa9000 JavaThread "http-nio-0.0.0.0-8808-Poller" daemon [_thread_in_native, id=26960, stack(0x0000009c30300000,0x0000009c30400000)]
  0x000001e8c8fa8000 JavaThread "http-nio-0.0.0.0-8808-exec-10" daemon [_thread_in_Java, id=24684, stack(0x0000009c30200000,0x0000009c30300000)]
  0x000001e8c8fa7000 JavaThread "http-nio-0.0.0.0-8808-exec-9" daemon [_thread_blocked, id=20228, stack(0x0000009c30100000,0x0000009c30200000)]
  0x000001e8c8fa6800 JavaThread "http-nio-0.0.0.0-8808-exec-8" daemon [_thread_blocked, id=24844, stack(0x0000009c30000000,0x0000009c30100000)]
  0x000001e8c8fa5800 JavaThread "http-nio-0.0.0.0-8808-exec-7" daemon [_thread_in_native, id=11704, stack(0x0000009c2ff00000,0x0000009c30000000)]
  0x000001e8c8fa5000 JavaThread "http-nio-0.0.0.0-8808-exec-6" daemon [_thread_in_native, id=1956, stack(0x0000009c2fe00000,0x0000009c2ff00000)]
  0x000001e8c8fa4000 JavaThread "http-nio-0.0.0.0-8808-exec-5" daemon [_thread_in_native, id=24540, stack(0x0000009c2fd00000,0x0000009c2fe00000)]
  0x000001e8c8fa1800 JavaThread "http-nio-0.0.0.0-8808-exec-4" daemon [_thread_blocked, id=8108, stack(0x0000009c2fc00000,0x0000009c2fd00000)]
  0x000001e8c8fa3800 JavaThread "http-nio-0.0.0.0-8808-exec-3" daemon [_thread_blocked, id=23044, stack(0x0000009c2fb00000,0x0000009c2fc00000)]
  0x000001e8c6617800 JavaThread "http-nio-0.0.0.0-8808-exec-2" daemon [_thread_blocked, id=26780, stack(0x0000009c2fa00000,0x0000009c2fb00000)]
  0x000001e8c6616800 JavaThread "http-nio-0.0.0.0-8808-exec-1" daemon [_thread_blocked, id=11936, stack(0x0000009c2f900000,0x0000009c2fa00000)]
  0x000001e8c9048000 JavaThread "mysql-cj-abandoned-connection-cleanup" daemon [_thread_blocked, id=9908, stack(0x0000009c2f800000,0x0000009c2f900000)]
  0x000001e8c7a89800 JavaThread "container-0" [_thread_blocked, id=24620, stack(0x0000009c2f700000,0x0000009c2f800000)]
  0x000001e8c7a80800 JavaThread "Catalina-utility-2" [_thread_blocked, id=13732, stack(0x0000009c2f600000,0x0000009c2f700000)]
  0x000001e8c79f5800 JavaThread "Catalina-utility-1" [_thread_blocked, id=12012, stack(0x0000009c2f500000,0x0000009c2f600000)]
  0x000001e8c7592800 JavaThread "RMI Scheduler(0)" daemon [_thread_blocked, id=14404, stack(0x0000009c2f400000,0x0000009c2f500000)]
  0x000001e8c753f800 JavaThread "RMI TCP Connection(idle)" daemon [_thread_blocked, id=6272, stack(0x0000009c2f300000,0x0000009c2f400000)]
  0x000001e8c692a800 JavaThread "RMI TCP Accept-0" daemon [_thread_in_native, id=11708, stack(0x0000009c2f100000,0x0000009c2f200000)]
  0x000001e8c66be800 JavaThread "Service Thread" daemon [_thread_blocked, id=22544, stack(0x0000009c2f000000,0x0000009c2f100000)]
  0x000001e8c6616000 JavaThread "C1 CompilerThread11" daemon [_thread_blocked, id=14240, stack(0x0000009c2ef00000,0x0000009c2f000000)]
  0x000001e8c6619000 JavaThread "C1 CompilerThread10" daemon [_thread_in_native, id=7984, stack(0x0000009c2ee00000,0x0000009c2ef00000)]
=>0x000001e8c661a800 JavaThread "C1 CompilerThread9" daemon [_thread_in_native, id=7336, stack(0x0000009c2ed00000,0x0000009c2ee00000)]
  0x000001e8c6600000 JavaThread "C1 CompilerThread8" daemon [_thread_in_native, id=19620, stack(0x0000009c2ec00000,0x0000009c2ed00000)]
  0x000001e8c65dd000 JavaThread "C2 CompilerThread7" daemon [_thread_blocked, id=29936, stack(0x0000009c2eb00000,0x0000009c2ec00000)]
  0x000001e8c6575000 JavaThread "C2 CompilerThread6" daemon [_thread_blocked, id=11980, stack(0x0000009c2ea00000,0x0000009c2eb00000)]
  0x000001e8c6572000 JavaThread "C2 CompilerThread5" daemon [_thread_blocked, id=29264, stack(0x0000009c2e900000,0x0000009c2ea00000)]
  0x000001e8c6571800 JavaThread "C2 CompilerThread4" daemon [_thread_blocked, id=19932, stack(0x0000009c2e800000,0x0000009c2e900000)]
  0x000001e8c656c800 JavaThread "C2 CompilerThread3" daemon [_thread_blocked, id=21332, stack(0x0000009c2e700000,0x0000009c2e800000)]
  0x000001e8c656b800 JavaThread "C2 CompilerThread2" daemon [_thread_blocked, id=13868, stack(0x0000009c2e600000,0x0000009c2e700000)]
  0x000001e8c6569000 JavaThread "C2 CompilerThread1" daemon [_thread_blocked, id=8248, stack(0x0000009c2e500000,0x0000009c2e600000)]
  0x000001e8c6566000 JavaThread "C2 CompilerThread0" daemon [_thread_blocked, id=6104, stack(0x0000009c2e400000,0x0000009c2e500000)]
  0x000001e8c655c800 JavaThread "Monitor Ctrl-Break" daemon [_thread_in_native, id=9376, stack(0x0000009c2e300000,0x0000009c2e400000)]
  0x000001e8c4f87000 JavaThread "Attach Listener" daemon [_thread_blocked, id=17956, stack(0x0000009c2e200000,0x0000009c2e300000)]
  0x000001e8c4f84800 JavaThread "Signal Dispatcher" daemon [_thread_blocked, id=19520, stack(0x0000009c2e100000,0x0000009c2e200000)]
  0x000001e8a8193000 JavaThread "Finalizer" daemon [_thread_blocked, id=14108, stack(0x0000009c2e000000,0x0000009c2e100000)]
  0x000001e8c4f12000 JavaThread "Reference Handler" daemon [_thread_blocked, id=27164, stack(0x0000009c2df00000,0x0000009c2e000000)]

Other Threads:
  0x000001e8c4ef1800 VMThread [stack: 0x0000009c2de00000,0x0000009c2df00000] [id=21984]
  0x000001e8c6930000 WatcherThread [stack: 0x0000009c2f200000,0x0000009c2f300000] [id=22676]

VM state:not at safepoint (normal execution)

VM Mutex/Monitor currently owned by a thread: None

heap address: 0x00000006c5a00000, size: 4006 MB, Compressed Oops mode: Zero based, Oop shift amount: 3
Narrow klass base: 0x0000000000000000, Narrow klass shift: 3
Compressed class space size: 1073741824 Address: 0x00000007c0000000

Heap:
 PSYoungGen      total 240640K, used 53508K [0x000000076c900000, 0x000000077cc00000, 0x00000007c0000000)
  eden space 225792K, 17% used [0x000000076c900000,0x000000076eec5088,0x000000077a580000)
  from space 14848K, 99% used [0x000000077bd80000,0x000000077cbfc1e0,0x000000077cc00000)
  to   space 16896K, 0% used [0x000000077ab00000,0x000000077ab00000,0x000000077bb80000)
 ParOldGen       total 154624K, used 17768K [0x00000006c5a00000, 0x00000006cf100000, 0x000000076c900000)
  object space 154624K, 11% used [0x00000006c5a00000,0x00000006c6b5a178,0x00000006cf100000)
 Metaspace       used 44940K, capacity 49166K, committed 49280K, reserved 1091584K
  class space    used 6244K, capacity 7000K, committed 7040K, reserved 1048576K

Card table byte_map: [0x000001e8b92b0000,0x000001e8b9a90000] byte_map_base: 0x000001e8b5c83000

Marking Bits: (ParMarkBitMap*) 0x000000005c386850
 Begin Bits: [0x000001e8b9fd0000, 0x000001e8bde68000)
 End Bits:   [0x000001e8bde68000, 0x000001e8c1d00000)

Polling page: 0x000001e8a83d0000

CodeCache: size=245760Kb used=14548Kb max_used=14594Kb free=231211Kb
 bounds [0x000001e8a9ef0000, 0x000001e8aad40000, 0x000001e8b8ef0000]
 total_blobs=7514 nmethods=7017 adapters=405
 compilation: enabled

Compilation events (10 events):
Event: 75.467 Thread 0x000001e8c661a800 nmethod 7080 0x000001e8aa6a7450 code [0x000001e8aa6a7600, 0x000001e8aa6a7980]
Event: 75.467 Thread 0x000001e8c661a800 7083       1       org.springframework.http.MediaType::<init> (21 bytes)
Event: 75.467 Thread 0x000001e8c661a800 nmethod 7083 0x000001e8aa73f010 code [0x000001e8aa73f180, 0x000001e8aa73f360]
Event: 75.467 Thread 0x000001e8c661a800 7084       1       org.springframework.http.MediaType$$Lambda$640/734518153::get$Lambda (9 bytes)
Event: 75.468 Thread 0x000001e8c661a800 nmethod 7084 0x000001e8aa6a7110 code [0x000001e8aa6a7260, 0x000001e8aa6a73b8]
Event: 75.468 Thread 0x000001e8c661a800 7076       1       org.apache.catalina.core.ApplicationFilterConfig::getFilterDef (5 bytes)
Event: 75.468 Thread 0x000001e8c661a800 nmethod 7076 0x000001e8aa6a6e50 code [0x000001e8aa6a6fa0, 0x000001e8aa6a70b8]
Event: 75.468 Thread 0x000001e8c661a800 7077       1       org.apache.tomcat.util.descriptor.web.FilterDef::getAsyncSupported (5 bytes)
Event: 75.468 Thread 0x000001e8c661a800 nmethod 7077 0x000001e8aa6a6b90 code [0x000001e8aa6a6ce0, 0x000001e8aa6a6df8]
Event: 75.468 Thread 0x000001e8c661a800 7085       1       org.springframework.http.MediaType$$Lambda$640/734518153::<init> (10 bytes)

GC Heap History (10 events):
Event: 1.940 GC heap before
{Heap before GC invocations=6 (full 1):
 PSYoungGen      total 113664K, used 113249K [0x000000076c900000, 0x0000000775880000, 0x00000007c0000000)
  eden space 106496K, 100% used [0x000000076c900000,0x0000000773100000,0x0000000773100000)
  from space 7168K, 94% used [0x0000000775180000,0x00000007758187c0,0x0000000775880000)
  to   space 10752K, 0% used [0x0000000774380000,0x0000000774380000,0x0000000774e00000)
 ParOldGen       total 94208K, used 7626K [0x00000006c5a00000, 0x00000006cb600000, 0x000000076c900000)
  object space 94208K, 8% used [0x00000006c5a00000,0x00000006c6172b98,0x00000006cb600000)
 Metaspace       used 28708K, capacity 30564K, committed 30720K, reserved 1075200K
  class space    used 3903K, capacity 4254K, committed 4352K, reserved 1048576K
Event: 1.946 GC heap after
Heap after GC invocations=6 (full 1):
 PSYoungGen      total 136192K, used 10720K [0x000000076c900000, 0x0000000778d00000, 0x00000007c0000000)
  eden space 125440K, 0% used [0x000000076c900000,0x000000076c900000,0x0000000774380000)
  from space 10752K, 99% used [0x0000000774380000,0x0000000774df8300,0x0000000774e00000)
  to   space 14336K, 0% used [0x0000000777f00000,0x0000000777f00000,0x0000000778d00000)
 ParOldGen       total 94208K, used 10090K [0x00000006c5a00000, 0x00000006cb600000, 0x000000076c900000)
  object space 94208K, 10% used [0x00000006c5a00000,0x00000006c63da878,0x00000006cb600000)
 Metaspace       used 28708K, capacity 30564K, committed 30720K, reserved 1075200K
  class space    used 3903K, capacity 4254K, committed 4352K, reserved 1048576K
}
Event: 2.256 GC heap before
{Heap before GC invocations=7 (full 1):
 PSYoungGen      total 136192K, used 79287K [0x000000076c900000, 0x0000000778d00000, 0x00000007c0000000)
  eden space 125440K, 54% used [0x000000076c900000,0x0000000770bf5a48,0x0000000774380000)
  from space 10752K, 99% used [0x0000000774380000,0x0000000774df8300,0x0000000774e00000)
  to   space 14336K, 0% used [0x0000000777f00000,0x0000000777f00000,0x0000000778d00000)
 ParOldGen       total 94208K, used 10090K [0x00000006c5a00000, 0x00000006cb600000, 0x000000076c900000)
  object space 94208K, 10% used [0x00000006c5a00000,0x00000006c63da878,0x00000006cb600000)
 Metaspace       used 33353K, capacity 35346K, committed 35456K, reserved 1079296K
  class space    used 4484K, capacity 4895K, committed 4992K, reserved 1048576K
Event: 2.265 GC heap after
Heap after GC invocations=7 (full 1):
 PSYoungGen      total 185856K, used 11671K [0x000000076c900000, 0x000000077ad00000, 0x00000007c0000000)
  eden space 171520K, 0% used [0x000000076c900000,0x000000076c900000,0x0000000777080000)
  from space 14336K, 81% used [0x0000000777f00000,0x0000000778a65c78,0x0000000778d00000)
  to   space 14848K, 0% used [0x0000000777080000,0x0000000777080000,0x0000000777f00000)
 ParOldGen       total 94208K, used 10098K [0x00000006c5a00000, 0x00000006cb600000, 0x000000076c900000)
  object space 94208K, 10% used [0x00000006c5a00000,0x00000006c63dc878,0x00000006cb600000)
 Metaspace       used 33353K, capacity 35346K, committed 35456K, reserved 1079296K
  class space    used 4484K, capacity 4895K, committed 4992K, reserved 1048576K
}
Event: 2.265 GC heap before
{Heap before GC invocations=8 (full 2):
 PSYoungGen      total 185856K, used 11671K [0x000000076c900000, 0x000000077ad00000, 0x00000007c0000000)
  eden space 171520K, 0% used [0x000000076c900000,0x000000076c900000,0x0000000777080000)
  from space 14336K, 81% used [0x0000000777f00000,0x0000000778a65c78,0x0000000778d00000)
  to   space 14848K, 0% used [0x0000000777080000,0x0000000777080000,0x0000000777f00000)
 ParOldGen       total 94208K, used 10098K [0x00000006c5a00000, 0x00000006cb600000, 0x000000076c900000)
  object space 94208K, 10% used [0x00000006c5a00000,0x00000006c63dc878,0x00000006cb600000)
 Metaspace       used 33353K, capacity 35346K, committed 35456K, reserved 1079296K
  class space    used 4484K, capacity 4895K, committed 4992K, reserved 1048576K
Event: 2.324 GC heap after
Heap after GC invocations=8 (full 2):
 PSYoungGen      total 185856K, used 0K [0x000000076c900000, 0x000000077ad00000, 0x00000007c0000000)
  eden space 171520K, 0% used [0x000000076c900000,0x000000076c900000,0x0000000777080000)
  from space 14336K, 0% used [0x0000000777f00000,0x0000000777f00000,0x0000000778d00000)
  to   space 14848K, 0% used [0x0000000777080000,0x0000000777080000,0x0000000777f00000)
 ParOldGen       total 154624K, used 17038K [0x00000006c5a00000, 0x00000006cf100000, 0x000000076c900000)
  object space 154624K, 11% used [0x00000006c5a00000,0x00000006c6aa38a0,0x00000006cf100000)
 Metaspace       used 33353K, capacity 35346K, committed 35456K, reserved 1079296K
  class space    used 4484K, capacity 4895K, committed 4992K, reserved 1048576K
}
Event: 3.106 GC heap before
{Heap before GC invocations=9 (full 2):
 PSYoungGen      total 185856K, used 171520K [0x000000076c900000, 0x000000077ad00000, 0x00000007c0000000)
  eden space 171520K, 100% used [0x000000076c900000,0x0000000777080000,0x0000000777080000)
  from space 14336K, 0% used [0x0000000777f00000,0x0000000777f00000,0x0000000778d00000)
  to   space 14848K, 0% used [0x0000000777080000,0x0000000777080000,0x0000000777f00000)
 ParOldGen       total 154624K, used 17038K [0x00000006c5a00000, 0x00000006cf100000, 0x000000076c900000)
  object space 154624K, 11% used [0x00000006c5a00000,0x00000006c6aa38a0,0x00000006cf100000)
 Metaspace       used 37270K, capacity 39554K, committed 39808K, reserved 1083392K
  class space    used 5017K, capacity 5439K, committed 5504K, reserved 1048576K
Event: 3.111 GC heap after
Heap after GC invocations=9 (full 2):
 PSYoungGen      total 186368K, used 6309K [0x000000076c900000, 0x000000077cc00000, 0x00000007c0000000)
  eden space 171520K, 0% used [0x000000076c900000,0x000000076c900000,0x0000000777080000)
  from space 14848K, 42% used [0x0000000777080000,0x00000007776a9408,0x0000000777f00000)
  to   space 14848K, 0% used [0x000000077bd80000,0x000000077bd80000,0x000000077cc00000)
 ParOldGen       total 154624K, used 17046K [0x00000006c5a00000, 0x00000006cf100000, 0x000000076c900000)
  object space 154624K, 11% used [0x00000006c5a00000,0x00000006c6aa58a0,0x00000006cf100000)
 Metaspace       used 37270K, capacity 39554K, committed 39808K, reserved 1083392K
  class space    used 5017K, capacity 5439K, committed 5504K, reserved 1048576K
}
Event: 8.887 GC heap before
{Heap before GC invocations=10 (full 2):
 PSYoungGen      total 186368K, used 177829K [0x000000076c900000, 0x000000077cc00000, 0x00000007c0000000)
  eden space 171520K, 100% used [0x000000076c900000,0x0000000777080000,0x0000000777080000)
  from space 14848K, 42% used [0x0000000777080000,0x00000007776a9408,0x0000000777f00000)
  to   space 14848K, 0% used [0x000000077bd80000,0x000000077bd80000,0x000000077cc00000)
 ParOldGen       total 154624K, used 17046K [0x00000006c5a00000, 0x00000006cf100000, 0x000000076c900000)
  object space 154624K, 11% used [0x00000006c5a00000,0x00000006c6aa58a0,0x00000006cf100000)
 Metaspace       used 44876K, capacity 49052K, committed 49280K, reserved 1091584K
  class space    used 6229K, capacity 6981K, committed 7040K, reserved 1048576K
Event: 8.898 GC heap after
Heap after GC invocations=10 (full 2):
 PSYoungGen      total 240640K, used 14832K [0x000000076c900000, 0x000000077cc00000, 0x00000007c0000000)
  eden space 225792K, 0% used [0x000000076c900000,0x000000076c900000,0x000000077a580000)
  from space 14848K, 99% used [0x000000077bd80000,0x000000077cbfc1e0,0x000000077cc00000)
  to   space 16896K, 0% used [0x000000077ab00000,0x000000077ab00000,0x000000077bb80000)
 ParOldGen       total 154624K, used 17768K [0x00000006c5a00000, 0x00000006cf100000, 0x000000076c900000)
  object space 154624K, 11% used [0x00000006c5a00000,0x00000006c6b5a178,0x00000006cf100000)
 Metaspace       used 44876K, capacity 49052K, committed 49280K, reserved 1091584K
  class space    used 6229K, capacity 6981K, committed 7040K, reserved 1048576K
}

Deoptimization events (0 events):
No events

Classes redefined (0 events):
No events

Internal exceptions (10 events):
Event: 3.689 Thread 0x000001e8a80f9800 Exception <a 'java/lang/ClassNotFoundException': > (0x000000077474eef8) thrown at [C:\wsjdk\Corretto8Src\installers\windows\zip\corretto-build\buildRoot\hotspot\src\share\vm\prims\jni.cpp, line 738]
Event: 3.689 Thread 0x000001e8a80f9800 Exception <a 'java/lang/ClassNotFoundException': > (0x0000000774755758) thrown at [C:\wsjdk\Corretto8Src\installers\windows\zip\corretto-build\buildRoot\hotspot\src\share\vm\prims\jni.cpp, line 738]
Event: 3.689 Thread 0x000001e8a80f9800 Exception <a 'java/lang/ClassNotFoundException': > (0x000000077475bfa8) thrown at [C:\wsjdk\Corretto8Src\installers\windows\zip\corretto-build\buildRoot\hotspot\src\share\vm\prims\jni.cpp, line 738]
Event: 3.692 Thread 0x000001e8a80f9800 Exception <a 'java/lang/ClassNotFoundException': > (0x00000007747c0be8) thrown at [C:\wsjdk\Corretto8Src\installers\windows\zip\corretto-build\buildRoot\hotspot\src\share\vm\prims\jni.cpp, line 738]
Event: 3.692 Thread 0x000001e8a80f9800 Exception <a 'java/lang/ClassNotFoundException': > (0x00000007747c85c8) thrown at [C:\wsjdk\Corretto8Src\installers\windows\zip\corretto-build\buildRoot\hotspot\src\share\vm\prims\jni.cpp, line 738]
Event: 3.692 Thread 0x000001e8a80f9800 Exception <a 'java/lang/ClassNotFoundException': > (0x00000007747cff50) thrown at [C:\wsjdk\Corretto8Src\installers\windows\zip\corretto-build\buildRoot\hotspot\src\share\vm\prims\jni.cpp, line 738]
Event: 3.693 Thread 0x000001e8a80f9800 Exception <a 'java/lang/ClassNotFoundException': > (0x00000007747ed530) thrown at [C:\wsjdk\Corretto8Src\installers\windows\zip\corretto-build\buildRoot\hotspot\src\share\vm\prims\jni.cpp, line 738]
Event: 3.693 Thread 0x000001e8a80f9800 Exception <a 'java/lang/ClassNotFoundException': > (0x00000007747f3da0) thrown at [C:\wsjdk\Corretto8Src\installers\windows\zip\corretto-build\buildRoot\hotspot\src\share\vm\prims\jni.cpp, line 738]
Event: 3.693 Thread 0x000001e8a80f9800 Exception <a 'java/lang/ClassNotFoundException': > (0x00000007747fa5d8) thrown at [C:\wsjdk\Corretto8Src\installers\windows\zip\corretto-build\buildRoot\hotspot\src\share\vm\prims\jni.cpp, line 738]
Event: 7.186 Thread 0x000001e8c6617800 Exception <a 'java/lang/NoSuchMethodError': java.lang.Object.lambda$comparingByValue$827a17d5$1(Ljava/util/Comparator;Ljava/util/Map$Entry;Ljava/util/Map$Entry;)I> (0x00000007762c3658) thrown at [C:\wsjdk\Corretto8Src\installers\windows\zip\corretto-build

Events (10 events):
Event: 75.453 Executing VM operation: RevokeBias
Event: 75.453 Executing VM operation: RevokeBias done
Event: 75.455 Executing VM operation: RevokeBias
Event: 75.456 Executing VM operation: RevokeBias done
Event: 75.456 Executing VM operation: BulkRevokeBias
Event: 75.456 Executing VM operation: BulkRevokeBias done
Event: 75.459 Executing VM operation: RevokeBias
Event: 75.459 Executing VM operation: RevokeBias done
Event: 75.460 Executing VM operation: RevokeBias
Event: 75.460 Executing VM operation: RevokeBias done


Dynamic libraries:
0x00007ff772bb0000 - 0x00007ff772bea000 	D:\TOOLS\jdk8\bin\java.exe
0x00007ffe5cff0000 - 0x00007ffe5d204000 	C:\WINDOWS\SYSTEM32\ntdll.dll
0x00007ffe5adf0000 - 0x00007ffe5aeb2000 	C:\WINDOWS\System32\KERNEL32.DLL
0x00007ffe5a410000 - 0x00007ffe5a7b3000 	C:\WINDOWS\System32\KERNELBASE.dll
0x00007ffe5c520000 - 0x00007ffe5c5ce000 	C:\WINDOWS\System32\ADVAPI32.dll
0x00007ffe5b400000 - 0x00007ffe5b4a7000 	C:\WINDOWS\System32\msvcrt.dll
0x00007ffe5b640000 - 0x00007ffe5b6e4000 	C:\WINDOWS\System32\sechost.dll
0x00007ffe5bc00000 - 0x00007ffe5bd17000 	C:\WINDOWS\System32\RPCRT4.dll
0x00007ffe5aec0000 - 0x00007ffe5b06b000 	C:\WINDOWS\System32\USER32.dll
0x00007ffe5ac00000 - 0x00007ffe5ac26000 	C:\WINDOWS\System32\win32u.dll
0x00007ffe5b5b0000 - 0x00007ffe5b5d9000 	C:\WINDOWS\System32\GDI32.dll
0x00007ffe5a970000 - 0x00007ffe5aa88000 	C:\WINDOWS\System32\gdi32full.dll
0x00007ffe5ad50000 - 0x00007ffe5adea000 	C:\WINDOWS\System32\msvcp_win.dll
0x00007ffe5ac30000 - 0x00007ffe5ad41000 	C:\WINDOWS\System32\ucrtbase.dll
0x00007ffe3a650000 - 0x00007ffe3a8de000 	C:\WINDOWS\WinSxS\amd64_microsoft.windows.common-controls_6595b64144ccf1df_6.0.22621.1635_none_270f70857386168e\COMCTL32.dll
0x00007ffe5bb60000 - 0x00007ffe5bb91000 	C:\WINDOWS\System32\IMM32.DLL
0x00007ffe0ca00000 - 0x00007ffe0caef000 	D:\TOOLS\jdk8\jre\bin\msvcr120.dll
0x00007ffe15fe0000 - 0x00007ffe16086000 	D:\TOOLS\jdk8\jre\bin\msvcp120.dll
0x000000005bb90000 - 0x000000005c405000 	D:\TOOLS\jdk8\jre\bin\server\jvm.dll
0x00007ffe5b240000 - 0x00007ffe5b248000 	C:\WINDOWS\System32\PSAPI.DLL
0x00007ffe366f0000 - 0x00007ffe366f9000 	C:\WINDOWS\SYSTEM32\WSOCK32.dll
0x00007ffe518f0000 - 0x00007ffe518fa000 	C:\WINDOWS\SYSTEM32\VERSION.dll
0x00007ffe51620000 - 0x00007ffe51654000 	C:\WINDOWS\SYSTEM32\WINMM.dll
0x00007ffe5c5f0000 - 0x00007ffe5c661000 	C:\WINDOWS\System32\WS2_32.dll
0x00007ffe35650000 - 0x00007ffe3565f000 	D:\TOOLS\jdk8\jre\bin\verify.dll
0x00007ffe2ecc0000 - 0x00007ffe2ece9000 	D:\TOOLS\jdk8\jre\bin\java.dll
0x00007ffe2f930000 - 0x00007ffe2f95a000 	D:\TOOLS\jdk8\jre\bin\instrument.dll
0x00007ffe2d600000 - 0x00007ffe2d616000 	D:\TOOLS\jdk8\jre\bin\zip.dll
0x00007ffe5bd20000 - 0x00007ffe5c51a000 	C:\WINDOWS\System32\SHELL32.dll
0x00007ffe58420000 - 0x00007ffe58cee000 	C:\WINDOWS\SYSTEM32\windows.storage.dll
0x00007ffe5b6f0000 - 0x00007ffe5ba79000 	C:\WINDOWS\System32\combase.dll
0x00007ffe58190000 - 0x00007ffe582ce000 	C:\WINDOWS\SYSTEM32\wintypes.dll
0x00007ffe5c840000 - 0x00007ffe5c931000 	C:\WINDOWS\System32\SHCORE.dll
0x00007ffe5b5e0000 - 0x00007ffe5b63e000 	C:\WINDOWS\System32\shlwapi.dll
0x00007ffe5a340000 - 0x00007ffe5a361000 	C:\WINDOWS\SYSTEM32\profapi.dll
0x00007ffe2f6d0000 - 0x00007ffe2f6ea000 	D:\TOOLS\IntelliJ IDEA\IntelliJ IDEA 2022.2.2\bin\breakgen64.dll
0x00007ffe2d440000 - 0x00007ffe2d45a000 	D:\TOOLS\jdk8\jre\bin\net.dll
0x00007ffe599c0000 - 0x00007ffe59a29000 	C:\WINDOWS\system32\mswsock.dll
0x00007ffe58ff0000 - 0x00007ffe590e3000 	C:\WINDOWS\SYSTEM32\DNSAPI.dll
0x00007ffe58fc0000 - 0x00007ffe58fed000 	C:\WINDOWS\SYSTEM32\IPHLPAPI.DLL
0x00007ffe5bb30000 - 0x00007ffe5bb39000 	C:\WINDOWS\System32\NSI.dll
0x00007ffe49960000 - 0x00007ffe4996a000 	C:\Windows\System32\rasadhlp.dll
0x00007ffe4fa90000 - 0x00007ffe4fb14000 	C:\WINDOWS\System32\fwpuclnt.dll
0x00007ffe52890000 - 0x00007ffe5289d000 	D:\TOOLS\jdk8\jre\bin\management.dll
0x00007ffe21dc0000 - 0x00007ffe21dd2000 	D:\TOOLS\jdk8\jre\bin\nio.dll
0x00007ffe59c20000 - 0x00007ffe59c3b000 	C:\WINDOWS\SYSTEM32\CRYPTSP.dll
0x00007ffe594c0000 - 0x00007ffe594f5000 	C:\WINDOWS\system32\rsaenh.dll
0x00007ffe59ac0000 - 0x00007ffe59ae8000 	C:\WINDOWS\SYSTEM32\USERENV.dll
0x00007ffe59dc0000 - 0x00007ffe59de8000 	C:\WINDOWS\SYSTEM32\bcrypt.dll
0x00007ffe5a8f0000 - 0x00007ffe5a96b000 	C:\WINDOWS\System32\bcryptprimitives.dll
0x00007ffe59c40000 - 0x00007ffe59c4c000 	C:\WINDOWS\SYSTEM32\CRYPTBASE.dll
0x00007ffe50e60000 - 0x00007ffe50e79000 	C:\WINDOWS\SYSTEM32\dhcpcsvc6.DLL
0x00007ffe50cb0000 - 0x00007ffe50ccf000 	C:\WINDOWS\SYSTEM32\dhcpcsvc.DLL
0x00007ffe2e6a0000 - 0x00007ffe2e6b7000 	C:\WINDOWS\system32\napinsp.dll
0x00007ffe2d630000 - 0x00007ffe2d64b000 	C:\WINDOWS\system32\pnrpnsp.dll
0x00007ffe2d5e0000 - 0x00007ffe2d5f1000 	C:\WINDOWS\System32\winrnr.dll
0x00007ffe2d540000 - 0x00007ffe2d555000 	C:\WINDOWS\system32\wshbth.dll
0x00007ffe2ce50000 - 0x00007ffe2ce71000 	C:\WINDOWS\system32\nlansp_c.dll
0x0000000180000000 - 0x0000000180288000 	D:\TOOLS\Tomcat8.5.82\bin\tcnative-1.dll
0x00007ffe5aa90000 - 0x00007ffe5abf7000 	C:\WINDOWS\System32\CRYPT32.dll
0x00007ffe2d460000 - 0x00007ffe2d483000 	D:\TOOLS\jdk8\jre\bin\sunec.dll
0x00007ffe526d0000 - 0x00007ffe526dc000 	D:\TOOLS\jdk8\jre\bin\sunmscapi.dll
0x00007ffe59d90000 - 0x00007ffe59dbe000 	C:\WINDOWS\SYSTEM32\ncrypt.dll
0x00007ffe59d50000 - 0x00007ffe59d87000 	C:\WINDOWS\SYSTEM32\NTASN1.dll

VM Arguments:
jvm_args: -XX:TieredStopAtLevel=1 -Xverify:none -Dspring.output.ansi.enabled=always -Dcom.sun.management.jmxremote -Dspring.jmx.enabled=true -Dspring.liveBeansView.mbeanDomain -Dspring.application.admin.enabled=true -javaagent:D:\TOOLS\IntelliJ IDEA\IntelliJ IDEA 2022.2.2\lib\idea_rt.jar=10497:D:\TOOLS\IntelliJ IDEA\IntelliJ IDEA 2022.2.2\bin -Dfile.encoding=UTF-8 
java_command: com.hc.resume_backend.ResumeBackendApplication
java_class_path (initial): D:\TOOLS\jdk8\jre\lib\charsets.jar;D:\TOOLS\jdk8\jre\lib\ext\access-bridge-64.jar;D:\TOOLS\jdk8\jre\lib\ext\cldrdata.jar;D:\TOOLS\jdk8\jre\lib\ext\dnsns.jar;D:\TOOLS\jdk8\jre\lib\ext\jaccess.jar;D:\TOOLS\jdk8\jre\lib\ext\jfxrt.jar;D:\TOOLS\jdk8\jre\lib\ext\localedata.jar;D:\TOOLS\jdk8\jre\lib\ext\nashorn.jar;D:\TOOLS\jdk8\jre\lib\ext\sunec.jar;D:\TOOLS\jdk8\jre\lib\ext\sunjce_provider.jar;D:\TOOLS\jdk8\jre\lib\ext\sunmscapi.jar;D:\TOOLS\jdk8\jre\lib\ext\sunpkcs11.jar;D:\TOOLS\jdk8\jre\lib\ext\zipfs.jar;D:\TOOLS\jdk8\jre\lib\jce.jar;D:\TOOLS\jdk8\jre\lib\jfr.jar;D:\TOOLS\jdk8\jre\lib\jfxswt.jar;D:\TOOLS\jdk8\jre\lib\jsse.jar;D:\TOOLS\jdk8\jre\lib\management-agent.jar;D:\TOOLS\jdk8\jre\lib\resources.jar;D:\TOOLS\jdk8\jre\lib\rt.jar;E:\Code\YPcode\resume_backend\target\classes;E:\NEWMavenRepository\org\mybatis\spring\boot\mybatis-spring-boot-starter\2.3.0\mybatis-spring-boot-starter-2.3.0.jar;E:\NEWMavenRepository\org\springframework\boot\spring-boot-starter\2.7.2\spring-boot-starter-2.7.2.jar;E:\NEWMavenRepository\org\springframework\boot\spring-boot\2.7.2\spring-boot-2.7.2.jar;E:\NEWMavenRepository\org\springframework\boot\spring-boot-starter-logging\2.7.2\spring-boot-starter-logging-2.7.2.jar;E:\NEWMavenRepository\ch\qos\logback\logback-classic\1.2.11\logback-classic-1.2.11.jar;E:\NEWMavenRepository\ch\qos\logback\logback-core\1.2.11\logback-core-1.2.11.jar;E:\NEWMavenRepository\org\apache\logging\log4j\log4j-to-slf4j\2.17.2\log4j-to-slf4j-2.17.2.jar;E:\NEWMavenRepository\org\slf4j\jul-to-slf4j\1.7.36\jul-to-slf4j-1.7.36.jar;E:\NEWMavenRepository\jakarta\annotation\jakarta.annotation-api\1.3.5\jakarta.annotation-api-1.3.5.jar;E:\NEWMavenRepository\org\springframework\boot\spring-boot-starter-jdbc\2.7.2\spring-boot-starter-jdbc-2.7.2.jar;E:\NEWMavenRepository\com\zaxxer\HikariCP\4.0.3\HikariCP-4.0.3.jar;E:\NEWMavenRepository\org\springframework\spring-jdbc\5.3.22\spring-jdbc-5.3.22.jar;E:\NEWMavenRepository\org\springframework\spring-tx\5
Launcher Type: SUN_STANDARD

Environment Variables:
JAVA_HOME=D:\TOOLS\jdk8
CLASSPATH=.;D:\TOOLS\jdk8\lib\dt.jar;D:\TOOLS\jdk8\lib\tools.jar;
PATH=C:\Program Files (x86)\NVIDIA Corporation\PhysX\Common;D:\Allapp\vmware16pro\bin\;C:\Windows\system32;C:\Windows;C:\Windows\System32\Wbem;C:\Windows\System32\WindowsPowerShell\v1.0\;C:\Windows\System32\OpenSSH\;D:\Allapp\BandiZip\;D:\TOOLS\Git\cmd;C:\Program Files\dotnet\;D:\TOOLS\Tomcat8.5.82\bin;D:\TOOLS\jdk8\bin;D:\TOOLS\jdk8\jre\bin;%MYSQL_HOME%\bin;D:\TOOLS\mysql5.7\bin;D:\TOOLS\mysql8\bin;D:\TOOLS\maven3.8.6\bin;C:\Program Files\NVIDIA Corporation\NVIDIA NvDLISR;D:\Allapp\VivoEasyShare\EasyShare\x86\;D:\Allapp\VivoEasyShare\EasyShare\x64\;D:\TOOLS\mingw64\bin;C:\WINDOWS\system32;C:\WINDOWS;C:\WINDOWS\System32\Wbem;C:\WINDOWS\System32\WindowsPowerShell\v1.0\;C:\WINDOWS\System32\OpenSSH\;D:\TOOLS\CodeArts\bin;D:\Allapp\vivoPcsuite\pcsuite\;D:\TOOLS\nodejs10\node_global\node_modules\yarn\bin;D:\TOOLS\nodejs10\;D:\TOOLS\GO1.20\bin;C:\Users\Judy\AppData\Local\Programs\Python\Python310\Scripts\;C:\Users\Judy\AppData\Local\Programs\Python\Python310\;C:\Users\Judy\AppData\Local\Microsoft\WindowsApps;;D:\TOOLS\Microsoft VS Code\bin;D:\TOOLS\IntelliJ IDEA\IntelliJ IDEA 2022.2.2\bin;;C:\Users\Judy\AppData\Roaming\npm;C:\Users\Judy\go\bin
USERNAME=Judy
OS=Windows_NT
PROCESSOR_IDENTIFIER=Intel64 Family 6 Model 141 Stepping 1, GenuineIntel



---------------  S Y S T E M  ---------------

OS: Windows 11 , 64 bit Build 22621 (10.0.22621.1635)

CPU:total 16 (initial active 16) (8 cores per cpu, 2 threads per core) family 6 model 141 stepping 1, cmov, cx8, fxsr, mmx, sse, sse2, sse3, ssse3, sse4.1, sse4.2, popcnt, avx, avx2, aes, clmul, erms, 3dnowpref, lzcnt, ht, tsc, tscinvbit, bmi1, bmi2, adx

Memory: 4k page, physical 16406360k(4943232k free), swap 31652436k(240k free)

vm_info: OpenJDK 64-Bit Server VM (25.342-b07) for windows-amd64 JRE (1.8.0_342-b07), built on Jul 21 2022 18:16:14 by "Administrator" with MS VC++ 12.0 (VS2013)

time: Sun Jun 18 16:16:51 2023
timezone: 中国标准时间
elapsed time: 75.481189 seconds (0d 0h 1m 15s)

