#
# There is insufficient memory for the Java Runtime Environment to continue.
# Native memory allocation (mmap) failed to map 65536 bytes for Failed to commit metaspace.
# Possible reasons:
#   The system is out of physical RAM or swap space
#   The process is running with CompressedOops enabled, and the Java Heap may be blocking the growth of the native heap
# Possible solutions:
#   Reduce memory load on the system
#   Increase physical memory or swap space
#   Check if swap backing store is full
#   Decrease Java heap size (-Xmx/-Xms)
#   Decrease number of Java threads
#   Decrease Java thread stack sizes (-Xss)
#   Set larger code cache with -XX:ReservedCodeCacheSize=
#   JVM is running with Zero Based Compressed Oops mode in which the Java heap is
#     placed in the first 32GB address space. The Java Heap base address is the
#     maximum limit for the native heap growth. Please use -XX:HeapBaseMinAddress
#     to set the Java Heap base and to place the Java Heap above 32GB virtual address.
# This output file may be truncated or incomplete.
#
#  Out of Memory Error (virtualSpaceNode.cpp:110), pid=15908, tid=15644
#
# JRE version: OpenJDK Runtime Environment JBR-17.0.4+7-469.53-jcef (17.0.4+7) (build 17.0.4+7-b469.53)
# Java VM: OpenJDK 64-Bit Server VM JBR-17.0.4+7-469.53-jcef (17.0.4+7-b469.53, mixed mode, tiered, compressed oops, compressed class ptrs, g1 gc, windows-amd64)
# No core dump will be written. Minidumps are not enabled by default on client versions of Windows
#

---------------  S U M M A R Y ------------

Command Line: git4idea.http.GitAskPassApp Password for 'https://mzyy867734122@163.com@gitee.com': 

Host: 11th Gen Intel(R) Core(TM) i7-11800H @ 2.30GHz, 16 cores, 15G,  Windows 11 , 64 bit Build 22621 (10.0.22621.1635)
Time: Sun Jun 18 16:40:46 2023  Windows 11 , 64 bit Build 22621 (10.0.22621.1635) elapsed time: 0.147020 seconds (0d 0h 0m 0s)

---------------  T H R E A D  ---------------

Current thread (0x000002a2eb39fe90):  JavaThread "main" [_thread_in_vm, id=15644, stack(0x000000cdf5900000,0x000000cdf5a00000)]

Stack: [0x000000cdf5900000,0x000000cdf5a00000]
Native frames: (J=compiled Java code, j=interpreted, Vv=VM code, C=native code)
V  [jvm.dll+0x68348a]
V  [jvm.dll+0x83faf4]
V  [jvm.dll+0x84129e]
V  [jvm.dll+0x841903]
V  [jvm.dll+0x2494a5]
V  [jvm.dll+0x83bb4b]
V  [jvm.dll+0x627926]
V  [jvm.dll+0x62798a]
V  [jvm.dll+0x62a19a]
V  [jvm.dll+0x6282c6]
V  [jvm.dll+0x23d49f]
V  [jvm.dll+0x632115]
V  [jvm.dll+0x1ed4cb]
V  [jvm.dll+0x1eda05]
V  [jvm.dll+0x1ee324]
V  [jvm.dll+0x1e386c]
V  [jvm.dll+0x547c8d]
V  [jvm.dll+0x1f418b]
V  [jvm.dll+0x7b98bb]
V  [jvm.dll+0x7bad02]
V  [jvm.dll+0x7bb038]
V  [jvm.dll+0x24123e]
V  [jvm.dll+0x24148f]
V  [jvm.dll+0x565a98]
V  [jvm.dll+0x5689d7]
V  [jvm.dll+0x388327]
V  [jvm.dll+0x38797f]
C  0x000002a2f02da60c

Java frames: (J=compiled Java code, j=interpreted, Vv=VM code)
j  jdk.internal.loader.BuiltinClassLoader.findResources(Ljava/lang/String;)Ljava/util/Enumeration;+9 java.base@17.0.4
j  jdk.internal.loader.BootLoader.findResources(Ljava/lang/String;)Ljava/util/Enumeration;+4 java.base@17.0.4
j  java.lang.ClassLoader.getResources(Ljava/lang/String;)Ljava/util/Enumeration;+34 java.base@17.0.4
j  java.lang.ClassLoader.getResources(Ljava/lang/String;)Ljava/util/Enumeration;+24 java.base@17.0.4
j  java.util.ServiceLoader$LazyClassPathLookupIterator.nextProviderClass()Ljava/lang/Class;+106 java.base@17.0.4
j  java.util.ServiceLoader$LazyClassPathLookupIterator.hasNextService()Z+15 java.base@17.0.4
j  java.util.ServiceLoader$LazyClassPathLookupIterator.hasNext()Z+11 java.base@17.0.4
j  java.util.ServiceLoader$2.hasNext()Z+16 java.base@17.0.4
j  java.util.ServiceLoader$3.hasNext()Z+32 java.base@17.0.4
j  java.net.URL$1.getNext()Z+11 java.base@17.0.4
j  java.net.URL$1.hasNext()Z+1 java.base@17.0.4
j  java.net.URL$2.run()Ljava/net/URLStreamHandler;+5 java.base@17.0.4
j  java.net.URL$2.run()Ljava/lang/Object;+1 java.base@17.0.4
j  java.security.AccessController.executePrivileged(Ljava/security/PrivilegedAction;Ljava/security/AccessControlContext;Ljava/lang/Class;)Ljava/lang/Object;+29 java.base@17.0.4
j  java.security.AccessController.doPrivileged(Ljava/security/PrivilegedAction;)Ljava/lang/Object;+5 java.base@17.0.4
j  java.net.URL.lookupViaProviders(Ljava/lang/String;)Ljava/net/URLStreamHandler;+37 java.base@17.0.4
j  java.net.URL.getURLStreamHandler(Ljava/lang/String;)Ljava/net/URLStreamHandler;+68 java.base@17.0.4
j  java.net.URL.<init>(Ljava/net/URL;Ljava/lang/String;Ljava/net/URLStreamHandler;)V+386 java.base@17.0.4
j  java.net.URL.<init>(Ljava/net/URL;Ljava/lang/String;)V+4 java.base@17.0.4
j  java.net.URL.<init>(Ljava/lang/String;)V+3 java.base@17.0.4
j  org.apache.xmlrpc.XmlRpcClient.<init>(Ljava/lang/String;I)V+38
j  org.apache.xmlrpc.XmlRpcClientLite.<init>(Ljava/lang/String;I)V+3
j  externalApp.ExternalAppUtil.sendXmlRequest(Ljava/lang/String;I[Ljava/lang/Object;)Ljava/lang/Object;+23
j  git4idea.http.GitAskPassApp.main([Ljava/lang/String;)V+46
v  ~StubRoutines::call_stub

---------------  P R O C E S S  ---------------

Threads class SMR info:
_java_thread_list=0x000002a28d4daa80, length=14, elements={
0x000002a2eb39fe90, 0x000002a28d45ea00, 0x000002a28d4601d0, 0x000002a28d4921f0,
0x000002a28d4926c0, 0x000002a28d492e80, 0x000002a28d495550, 0x000002a28d4d7b40,
0x000002a28d4dac90, 0x000002a28d4de6a0, 0x000002a28d659010, 0x000002a28d661d60,
0x000002a28d666650, 0x000002a28d6a9140
}

Java Threads: ( => current thread )
=>0x000002a2eb39fe90 JavaThread "main" [_thread_in_vm, id=15644, stack(0x000000cdf5900000,0x000000cdf5a00000)]
  0x000002a28d45ea00 JavaThread "Reference Handler" daemon [_thread_blocked, id=30856, stack(0x000000cdf6000000,0x000000cdf6100000)]
  0x000002a28d4601d0 JavaThread "Finalizer" daemon [_thread_blocked, id=18128, stack(0x000000cdf6100000,0x000000cdf6200000)]
  0x000002a28d4921f0 JavaThread "Signal Dispatcher" daemon [_thread_blocked, id=18692, stack(0x000000cdf6200000,0x000000cdf6300000)]
  0x000002a28d4926c0 JavaThread "Attach Listener" daemon [_thread_blocked, id=4168, stack(0x000000cdf6300000,0x000000cdf6400000)]
  0x000002a28d492e80 JavaThread "Service Thread" daemon [_thread_blocked, id=29392, stack(0x000000cdf6400000,0x000000cdf6500000)]
  0x000002a28d495550 JavaThread "Monitor Deflation Thread" daemon [_thread_blocked, id=27452, stack(0x000000cdf6500000,0x000000cdf6600000)]
  0x000002a28d4d7b40 JavaThread "C2 CompilerThread0" daemon [_thread_blocked, id=12824, stack(0x000000cdf6600000,0x000000cdf6700000)]
  0x000002a28d4dac90 JavaThread "C1 CompilerThread0" daemon [_thread_blocked, id=3444, stack(0x000000cdf6700000,0x000000cdf6800000)]
  0x000002a28d4de6a0 JavaThread "Sweeper thread" daemon [_thread_blocked, id=9788, stack(0x000000cdf6800000,0x000000cdf6900000)]
  0x000002a28d659010 JavaThread "C1 CompilerThread1" daemon [_thread_blocked, id=31044, stack(0x000000cdf6900000,0x000000cdf6a00000)]
  0x000002a28d661d60 JavaThread "Notification Thread" daemon [_thread_blocked, id=6452, stack(0x000000cdf6a00000,0x000000cdf6b00000)]
  0x000002a28d666650 JavaThread "Common-Cleaner" daemon [_thread_blocked, id=29400, stack(0x000000cdf6c00000,0x000000cdf6d00000)]
  0x000002a28d6a9140 JavaThread "C2 CompilerThread1" daemon [_thread_blocked, id=2052, stack(0x000000cdf6d00000,0x000000cdf6e00000)]

Other Threads:
  0x000002a28d40b7d0 VMThread "VM Thread" [stack: 0x000000cdf5f00000,0x000000cdf6000000] [id=13304]
  0x000002a28d662920 WatcherThread [stack: 0x000000cdf6b00000,0x000000cdf6c00000] [id=23600]
  0x000002a2eb40a9a0 GCTaskThread "GC Thread#0" [stack: 0x000000cdf5a00000,0x000000cdf5b00000] [id=28856]
  0x000002a2eb41b330 ConcurrentGCThread "G1 Main Marker" [stack: 0x000000cdf5b00000,0x000000cdf5c00000] [id=18708]
  0x000002a2eb41bea0 ConcurrentGCThread "G1 Conc#0" [stack: 0x000000cdf5c00000,0x000000cdf5d00000] [id=12504]
  0x000002a28c759880 ConcurrentGCThread "G1 Refine#0" [stack: 0x000000cdf5d00000,0x000000cdf5e00000] [id=22732]
  0x000002a28c75cd70 ConcurrentGCThread "G1 Service" [stack: 0x000000cdf5e00000,0x000000cdf5f00000] [id=9232]

Threads with active compile tasks:

VM state: not at safepoint (normal execution)

VM Mutex/Monitor currently owned by a thread:  ([mutex/lock_event])
[0x000002a2eb3998d0] Metaspace_lock - owner thread: 0x000002a2eb39fe90

Heap address: 0x0000000705a00000, size: 4006 MB, Compressed Oops mode: Zero based, Oop shift amount: 3

CDS archive(s) not mapped
Compressed class space mapped at: 0x0000000800000000-0x0000000840000000, reserved size: 1073741824
Narrow klass base: 0x0000000800000000, Narrow klass shift: 0, Narrow klass range: 0x40000000

GC Precious Log:
 CPUs: 16 total, 16 available
 Memory: 16021M
 Large Page Support: Disabled
 NUMA Support: Disabled
 Compressed Oops: Enabled (Zero based)
 Heap Region Size: 2M
 Heap Min Capacity: 8M
 Heap Initial Capacity: 252M
 Heap Max Capacity: 4006M
 Pre-touch: Disabled
 Parallel Workers: 13
 Concurrent Workers: 3
 Concurrent Refinement Workers: 13
 Periodic GC: Disabled

Heap:
 garbage-first heap   total 258048K, used 16384K [0x0000000705a00000, 0x0000000800000000)
  region size 2048K, 2 young (4096K), 0 survivors (0K)
 Metaspace       used 6115K, committed 6208K, reserved 1056768K
  class space    used 518K, committed 576K, reserved 1048576K

Heap Regions: E=young(eden), S=young(survivor), O=old, HS=humongous(starts), HC=humongous(continues), CS=collection set, F=free, OA=open archive, CA=closed archive, TAMS=top-at-mark-start (previous, next)
|   0|0x0000000705a00000, 0x0000000705c00000, 0x0000000705c00000|100%|HS|  |TAMS 0x0000000705a00000, 0x0000000705a00000| Complete 
|   1|0x0000000705c00000, 0x0000000705e00000, 0x0000000705e00000|100%|HC|  |TAMS 0x0000000705c00000, 0x0000000705c00000| Complete 
|   2|0x0000000705e00000, 0x0000000706000000, 0x0000000706000000|100%|HC|  |TAMS 0x0000000705e00000, 0x0000000705e00000| Complete 
|   3|0x0000000706000000, 0x0000000706200000, 0x0000000706200000|100%|HC|  |TAMS 0x0000000706000000, 0x0000000706000000| Complete 
|   4|0x0000000706200000, 0x0000000706400000, 0x0000000706400000|100%|HC|  |TAMS 0x0000000706200000, 0x0000000706200000| Complete 
|   5|0x0000000706400000, 0x0000000706600000, 0x0000000706600000|100%|HC|  |TAMS 0x0000000706400000, 0x0000000706400000| Complete 
|   6|0x0000000706600000, 0x0000000706800000, 0x0000000706800000|100%|HS|  |TAMS 0x0000000706600000, 0x0000000706600000| Complete 
|   7|0x0000000706800000, 0x0000000706800000, 0x0000000706a00000|  0%| F|  |TAMS 0x0000000706800000, 0x0000000706800000| Untracked 
|   8|0x0000000706a00000, 0x0000000706a00000, 0x0000000706c00000|  0%| F|  |TAMS 0x0000000706a00000, 0x0000000706a00000| Untracked 
|   9|0x0000000706c00000, 0x0000000706c00000, 0x0000000706e00000|  0%| F|  |TAMS 0x0000000706c00000, 0x0000000706c00000| Untracked 
|  10|0x0000000706e00000, 0x0000000706e00000, 0x0000000707000000|  0%| F|  |TAMS 0x0000000706e00000, 0x0000000706e00000| Untracked 
|  11|0x0000000707000000, 0x0000000707000000, 0x0000000707200000|  0%| F|  |TAMS 0x0000000707000000, 0x0000000707000000| Untracked 
|  12|0x0000000707200000, 0x0000000707200000, 0x0000000707400000|  0%| F|  |TAMS 0x0000000707200000, 0x0000000707200000| Untracked 
|  13|0x0000000707400000, 0x0000000707400000, 0x0000000707600000|  0%| F|  |TAMS 0x0000000707400000, 0x0000000707400000| Untracked 
|  14|0x0000000707600000, 0x0000000707600000, 0x0000000707800000|  0%| F|  |TAMS 0x0000000707600000, 0x0000000707600000| Untracked 
|  15|0x0000000707800000, 0x0000000707800000, 0x0000000707a00000|  0%| F|  |TAMS 0x0000000707800000, 0x0000000707800000| Untracked 
|  16|0x0000000707a00000, 0x0000000707a00000, 0x0000000707c00000|  0%| F|  |TAMS 0x0000000707a00000, 0x0000000707a00000| Untracked 
|  17|0x0000000707c00000, 0x0000000707c00000, 0x0000000707e00000|  0%| F|  |TAMS 0x0000000707c00000, 0x0000000707c00000| Untracked 
|  18|0x0000000707e00000, 0x0000000707e00000, 0x0000000708000000|  0%| F|  |TAMS 0x0000000707e00000, 0x0000000707e00000| Untracked 
|  19|0x0000000708000000, 0x0000000708000000, 0x0000000708200000|  0%| F|  |TAMS 0x0000000708000000, 0x0000000708000000| Untracked 
|  20|0x0000000708200000, 0x0000000708200000, 0x0000000708400000|  0%| F|  |TAMS 0x0000000708200000, 0x0000000708200000| Untracked 
|  21|0x0000000708400000, 0x0000000708400000, 0x0000000708600000|  0%| F|  |TAMS 0x0000000708400000, 0x0000000708400000| Untracked 
|  22|0x0000000708600000, 0x0000000708600000, 0x0000000708800000|  0%| F|  |TAMS 0x0000000708600000, 0x0000000708600000| Untracked 
|  23|0x0000000708800000, 0x0000000708800000, 0x0000000708a00000|  0%| F|  |TAMS 0x0000000708800000, 0x0000000708800000| Untracked 
|  24|0x0000000708a00000, 0x0000000708a00000, 0x0000000708c00000|  0%| F|  |TAMS 0x0000000708a00000, 0x0000000708a00000| Untracked 
|  25|0x0000000708c00000, 0x0000000708c00000, 0x0000000708e00000|  0%| F|  |TAMS 0x0000000708c00000, 0x0000000708c00000| Untracked 
|  26|0x0000000708e00000, 0x0000000708e00000, 0x0000000709000000|  0%| F|  |TAMS 0x0000000708e00000, 0x0000000708e00000| Untracked 
|  27|0x0000000709000000, 0x0000000709000000, 0x0000000709200000|  0%| F|  |TAMS 0x0000000709000000, 0x0000000709000000| Untracked 
|  28|0x0000000709200000, 0x0000000709200000, 0x0000000709400000|  0%| F|  |TAMS 0x0000000709200000, 0x0000000709200000| Untracked 
|  29|0x0000000709400000, 0x0000000709400000, 0x0000000709600000|  0%| F|  |TAMS 0x0000000709400000, 0x0000000709400000| Untracked 
|  30|0x0000000709600000, 0x0000000709600000, 0x0000000709800000|  0%| F|  |TAMS 0x0000000709600000, 0x0000000709600000| Untracked 
|  31|0x0000000709800000, 0x0000000709800000, 0x0000000709a00000|  0%| F|  |TAMS 0x0000000709800000, 0x0000000709800000| Untracked 
|  32|0x0000000709a00000, 0x0000000709a00000, 0x0000000709c00000|  0%| F|  |TAMS 0x0000000709a00000, 0x0000000709a00000| Untracked 
|  33|0x0000000709c00000, 0x0000000709c00000, 0x0000000709e00000|  0%| F|  |TAMS 0x0000000709c00000, 0x0000000709c00000| Untracked 
|  34|0x0000000709e00000, 0x0000000709e00000, 0x000000070a000000|  0%| F|  |TAMS 0x0000000709e00000, 0x0000000709e00000| Untracked 
|  35|0x000000070a000000, 0x000000070a000000, 0x000000070a200000|  0%| F|  |TAMS 0x000000070a000000, 0x000000070a000000| Untracked 
|  36|0x000000070a200000, 0x000000070a200000, 0x000000070a400000|  0%| F|  |TAMS 0x000000070a200000, 0x000000070a200000| Untracked 
|  37|0x000000070a400000, 0x000000070a400000, 0x000000070a600000|  0%| F|  |TAMS 0x000000070a400000, 0x000000070a400000| Untracked 
|  38|0x000000070a600000, 0x000000070a600000, 0x000000070a800000|  0%| F|  |TAMS 0x000000070a600000, 0x000000070a600000| Untracked 
|  39|0x000000070a800000, 0x000000070a800000, 0x000000070aa00000|  0%| F|  |TAMS 0x000000070a800000, 0x000000070a800000| Untracked 
|  40|0x000000070aa00000, 0x000000070aa00000, 0x000000070ac00000|  0%| F|  |TAMS 0x000000070aa00000, 0x000000070aa00000| Untracked 
|  41|0x000000070ac00000, 0x000000070ac00000, 0x000000070ae00000|  0%| F|  |TAMS 0x000000070ac00000, 0x000000070ac00000| Untracked 
|  42|0x000000070ae00000, 0x000000070ae00000, 0x000000070b000000|  0%| F|  |TAMS 0x000000070ae00000, 0x000000070ae00000| Untracked 
|  43|0x000000070b000000, 0x000000070b000000, 0x000000070b200000|  0%| F|  |TAMS 0x000000070b000000, 0x000000070b000000| Untracked 
|  44|0x000000070b200000, 0x000000070b200000, 0x000000070b400000|  0%| F|  |TAMS 0x000000070b200000, 0x000000070b200000| Untracked 
|  45|0x000000070b400000, 0x000000070b400000, 0x000000070b600000|  0%| F|  |TAMS 0x000000070b400000, 0x000000070b400000| Untracked 
|  46|0x000000070b600000, 0x000000070b600000, 0x000000070b800000|  0%| F|  |TAMS 0x000000070b600000, 0x000000070b600000| Untracked 
|  47|0x000000070b800000, 0x000000070b800000, 0x000000070ba00000|  0%| F|  |TAMS 0x000000070b800000, 0x000000070b800000| Untracked 
|  48|0x000000070ba00000, 0x000000070ba00000, 0x000000070bc00000|  0%| F|  |TAMS 0x000000070ba00000, 0x000000070ba00000| Untracked 
|  49|0x000000070bc00000, 0x000000070bc00000, 0x000000070be00000|  0%| F|  |TAMS 0x000000070bc00000, 0x000000070bc00000| Untracked 
|  50|0x000000070be00000, 0x000000070be00000, 0x000000070c000000|  0%| F|  |TAMS 0x000000070be00000, 0x000000070be00000| Untracked 
|  51|0x000000070c000000, 0x000000070c000000, 0x000000070c200000|  0%| F|  |TAMS 0x000000070c000000, 0x000000070c000000| Untracked 
|  52|0x000000070c200000, 0x000000070c200000, 0x000000070c400000|  0%| F|  |TAMS 0x000000070c200000, 0x000000070c200000| Untracked 
|  53|0x000000070c400000, 0x000000070c400000, 0x000000070c600000|  0%| F|  |TAMS 0x000000070c400000, 0x000000070c400000| Untracked 
|  54|0x000000070c600000, 0x000000070c600000, 0x000000070c800000|  0%| F|  |TAMS 0x000000070c600000, 0x000000070c600000| Untracked 
|  55|0x000000070c800000, 0x000000070c800000, 0x000000070ca00000|  0%| F|  |TAMS 0x000000070c800000, 0x000000070c800000| Untracked 
|  56|0x000000070ca00000, 0x000000070ca00000, 0x000000070cc00000|  0%| F|  |TAMS 0x000000070ca00000, 0x000000070ca00000| Untracked 
|  57|0x000000070cc00000, 0x000000070cc00000, 0x000000070ce00000|  0%| F|  |TAMS 0x000000070cc00000, 0x000000070cc00000| Untracked 
|  58|0x000000070ce00000, 0x000000070ce00000, 0x000000070d000000|  0%| F|  |TAMS 0x000000070ce00000, 0x000000070ce00000| Untracked 
|  59|0x000000070d000000, 0x000000070d000000, 0x000000070d200000|  0%| F|  |TAMS 0x000000070d000000, 0x000000070d000000| Untracked 
|  60|0x000000070d200000, 0x000000070d200000, 0x000000070d400000|  0%| F|  |TAMS 0x000000070d200000, 0x000000070d200000| Untracked 
|  61|0x000000070d400000, 0x000000070d400000, 0x000000070d600000|  0%| F|  |TAMS 0x000000070d400000, 0x000000070d400000| Untracked 
|  62|0x000000070d600000, 0x000000070d600000, 0x000000070d800000|  0%| F|  |TAMS 0x000000070d600000, 0x000000070d600000| Untracked 
|  63|0x000000070d800000, 0x000000070d800000, 0x000000070da00000|  0%| F|  |TAMS 0x000000070d800000, 0x000000070d800000| Untracked 
|  64|0x000000070da00000, 0x000000070da00000, 0x000000070dc00000|  0%| F|  |TAMS 0x000000070da00000, 0x000000070da00000| Untracked 
|  65|0x000000070dc00000, 0x000000070dc00000, 0x000000070de00000|  0%| F|  |TAMS 0x000000070dc00000, 0x000000070dc00000| Untracked 
|  66|0x000000070de00000, 0x000000070de00000, 0x000000070e000000|  0%| F|  |TAMS 0x000000070de00000, 0x000000070de00000| Untracked 
|  67|0x000000070e000000, 0x000000070e000000, 0x000000070e200000|  0%| F|  |TAMS 0x000000070e000000, 0x000000070e000000| Untracked 
|  68|0x000000070e200000, 0x000000070e200000, 0x000000070e400000|  0%| F|  |TAMS 0x000000070e200000, 0x000000070e200000| Untracked 
|  69|0x000000070e400000, 0x000000070e400000, 0x000000070e600000|  0%| F|  |TAMS 0x000000070e400000, 0x000000070e400000| Untracked 
|  70|0x000000070e600000, 0x000000070e600000, 0x000000070e800000|  0%| F|  |TAMS 0x000000070e600000, 0x000000070e600000| Untracked 
|  71|0x000000070e800000, 0x000000070e800000, 0x000000070ea00000|  0%| F|  |TAMS 0x000000070e800000, 0x000000070e800000| Untracked 
|  72|0x000000070ea00000, 0x000000070ea00000, 0x000000070ec00000|  0%| F|  |TAMS 0x000000070ea00000, 0x000000070ea00000| Untracked 
|  73|0x000000070ec00000, 0x000000070ec00000, 0x000000070ee00000|  0%| F|  |TAMS 0x000000070ec00000, 0x000000070ec00000| Untracked 
|  74|0x000000070ee00000, 0x000000070ee00000, 0x000000070f000000|  0%| F|  |TAMS 0x000000070ee00000, 0x000000070ee00000| Untracked 
|  75|0x000000070f000000, 0x000000070f000000, 0x000000070f200000|  0%| F|  |TAMS 0x000000070f000000, 0x000000070f000000| Untracked 
|  76|0x000000070f200000, 0x000000070f200000, 0x000000070f400000|  0%| F|  |TAMS 0x000000070f200000, 0x000000070f200000| Untracked 
|  77|0x000000070f400000, 0x000000070f400000, 0x000000070f600000|  0%| F|  |TAMS 0x000000070f400000, 0x000000070f400000| Untracked 
|  78|0x000000070f600000, 0x000000070f600000, 0x000000070f800000|  0%| F|  |TAMS 0x000000070f600000, 0x000000070f600000| Untracked 
|  79|0x000000070f800000, 0x000000070f800000, 0x000000070fa00000|  0%| F|  |TAMS 0x000000070f800000, 0x000000070f800000| Untracked 
|  80|0x000000070fa00000, 0x000000070fa00000, 0x000000070fc00000|  0%| F|  |TAMS 0x000000070fa00000, 0x000000070fa00000| Untracked 
|  81|0x000000070fc00000, 0x000000070fc00000, 0x000000070fe00000|  0%| F|  |TAMS 0x000000070fc00000, 0x000000070fc00000| Untracked 
|  82|0x000000070fe00000, 0x000000070fe00000, 0x0000000710000000|  0%| F|  |TAMS 0x000000070fe00000, 0x000000070fe00000| Untracked 
|  83|0x0000000710000000, 0x0000000710000000, 0x0000000710200000|  0%| F|  |TAMS 0x0000000710000000, 0x0000000710000000| Untracked 
|  84|0x0000000710200000, 0x0000000710200000, 0x0000000710400000|  0%| F|  |TAMS 0x0000000710200000, 0x0000000710200000| Untracked 
|  85|0x0000000710400000, 0x0000000710400000, 0x0000000710600000|  0%| F|  |TAMS 0x0000000710400000, 0x0000000710400000| Untracked 
|  86|0x0000000710600000, 0x0000000710600000, 0x0000000710800000|  0%| F|  |TAMS 0x0000000710600000, 0x0000000710600000| Untracked 
|  87|0x0000000710800000, 0x0000000710800000, 0x0000000710a00000|  0%| F|  |TAMS 0x0000000710800000, 0x0000000710800000| Untracked 
|  88|0x0000000710a00000, 0x0000000710a00000, 0x0000000710c00000|  0%| F|  |TAMS 0x0000000710a00000, 0x0000000710a00000| Untracked 
|  89|0x0000000710c00000, 0x0000000710c00000, 0x0000000710e00000|  0%| F|  |TAMS 0x0000000710c00000, 0x0000000710c00000| Untracked 
|  90|0x0000000710e00000, 0x0000000710e00000, 0x0000000711000000|  0%| F|  |TAMS 0x0000000710e00000, 0x0000000710e00000| Untracked 
|  91|0x0000000711000000, 0x0000000711000000, 0x0000000711200000|  0%| F|  |TAMS 0x0000000711000000, 0x0000000711000000| Untracked 
|  92|0x0000000711200000, 0x0000000711200000, 0x0000000711400000|  0%| F|  |TAMS 0x0000000711200000, 0x0000000711200000| Untracked 
|  93|0x0000000711400000, 0x0000000711400000, 0x0000000711600000|  0%| F|  |TAMS 0x0000000711400000, 0x0000000711400000| Untracked 
|  94|0x0000000711600000, 0x0000000711600000, 0x0000000711800000|  0%| F|  |TAMS 0x0000000711600000, 0x0000000711600000| Untracked 
|  95|0x0000000711800000, 0x0000000711800000, 0x0000000711a00000|  0%| F|  |TAMS 0x0000000711800000, 0x0000000711800000| Untracked 
|  96|0x0000000711a00000, 0x0000000711a00000, 0x0000000711c00000|  0%| F|  |TAMS 0x0000000711a00000, 0x0000000711a00000| Untracked 
|  97|0x0000000711c00000, 0x0000000711c00000, 0x0000000711e00000|  0%| F|  |TAMS 0x0000000711c00000, 0x0000000711c00000| Untracked 
|  98|0x0000000711e00000, 0x0000000711e00000, 0x0000000712000000|  0%| F|  |TAMS 0x0000000711e00000, 0x0000000711e00000| Untracked 
|  99|0x0000000712000000, 0x0000000712000000, 0x0000000712200000|  0%| F|  |TAMS 0x0000000712000000, 0x0000000712000000| Untracked 
| 100|0x0000000712200000, 0x0000000712200000, 0x0000000712400000|  0%| F|  |TAMS 0x0000000712200000, 0x0000000712200000| Untracked 
| 101|0x0000000712400000, 0x0000000712400000, 0x0000000712600000|  0%| F|  |TAMS 0x0000000712400000, 0x0000000712400000| Untracked 
| 102|0x0000000712600000, 0x0000000712600000, 0x0000000712800000|  0%| F|  |TAMS 0x0000000712600000, 0x0000000712600000| Untracked 
| 103|0x0000000712800000, 0x0000000712800000, 0x0000000712a00000|  0%| F|  |TAMS 0x0000000712800000, 0x0000000712800000| Untracked 
| 104|0x0000000712a00000, 0x0000000712a00000, 0x0000000712c00000|  0%| F|  |TAMS 0x0000000712a00000, 0x0000000712a00000| Untracked 
| 105|0x0000000712c00000, 0x0000000712c00000, 0x0000000712e00000|  0%| F|  |TAMS 0x0000000712c00000, 0x0000000712c00000| Untracked 
| 106|0x0000000712e00000, 0x0000000712e00000, 0x0000000713000000|  0%| F|  |TAMS 0x0000000712e00000, 0x0000000712e00000| Untracked 
| 107|0x0000000713000000, 0x0000000713000000, 0x0000000713200000|  0%| F|  |TAMS 0x0000000713000000, 0x0000000713000000| Untracked 
| 108|0x0000000713200000, 0x0000000713200000, 0x0000000713400000|  0%| F|  |TAMS 0x0000000713200000, 0x0000000713200000| Untracked 
| 109|0x0000000713400000, 0x0000000713400000, 0x0000000713600000|  0%| F|  |TAMS 0x0000000713400000, 0x0000000713400000| Untracked 
| 110|0x0000000713600000, 0x0000000713600000, 0x0000000713800000|  0%| F|  |TAMS 0x0000000713600000, 0x0000000713600000| Untracked 
| 111|0x0000000713800000, 0x0000000713800000, 0x0000000713a00000|  0%| F|  |TAMS 0x0000000713800000, 0x0000000713800000| Untracked 
| 112|0x0000000713a00000, 0x0000000713a00000, 0x0000000713c00000|  0%| F|  |TAMS 0x0000000713a00000, 0x0000000713a00000| Untracked 
| 113|0x0000000713c00000, 0x0000000713c00000, 0x0000000713e00000|  0%| F|  |TAMS 0x0000000713c00000, 0x0000000713c00000| Untracked 
| 114|0x0000000713e00000, 0x0000000713e00000, 0x0000000714000000|  0%| F|  |TAMS 0x0000000713e00000, 0x0000000713e00000| Untracked 
| 115|0x0000000714000000, 0x0000000714000000, 0x0000000714200000|  0%| F|  |TAMS 0x0000000714000000, 0x0000000714000000| Untracked 
| 116|0x0000000714200000, 0x0000000714200000, 0x0000000714400000|  0%| F|  |TAMS 0x0000000714200000, 0x0000000714200000| Untracked 
| 117|0x0000000714400000, 0x0000000714400000, 0x0000000714600000|  0%| F|  |TAMS 0x0000000714400000, 0x0000000714400000| Untracked 
| 118|0x0000000714600000, 0x0000000714600000, 0x0000000714800000|  0%| F|  |TAMS 0x0000000714600000, 0x0000000714600000| Untracked 
| 119|0x0000000714800000, 0x0000000714800000, 0x0000000714a00000|  0%| F|  |TAMS 0x0000000714800000, 0x0000000714800000| Untracked 
| 120|0x0000000714a00000, 0x0000000714a00000, 0x0000000714c00000|  0%| F|  |TAMS 0x0000000714a00000, 0x0000000714a00000| Untracked 
| 121|0x0000000714c00000, 0x0000000714c00000, 0x0000000714e00000|  0%| F|  |TAMS 0x0000000714c00000, 0x0000000714c00000| Untracked 
| 122|0x0000000714e00000, 0x0000000714e00000, 0x0000000715000000|  0%| F|  |TAMS 0x0000000714e00000, 0x0000000714e00000| Untracked 
| 123|0x0000000715000000, 0x0000000715000000, 0x0000000715200000|  0%| F|  |TAMS 0x0000000715000000, 0x0000000715000000| Untracked 
| 124|0x0000000715200000, 0x00000007152712b0, 0x0000000715400000| 22%| E|  |TAMS 0x0000000715200000, 0x0000000715200000| Complete 
| 125|0x0000000715400000, 0x0000000715600000, 0x0000000715600000|100%| E|CS|TAMS 0x0000000715400000, 0x0000000715400000| Complete 

Card table byte_map: [0x000002a280b20000,0x000002a281300000] _byte_map_base: 0x000002a27d2f3000

Marking Bits (Prev, Next): (CMBitMap*) 0x000002a2eb40afb0, (CMBitMap*) 0x000002a2eb40aff0
 Prev Bits: [0x000002a281ae0000, 0x000002a285978000)
 Next Bits: [0x000002a285980000, 0x000002a289818000)

Polling page: 0x000002a2eb460000

Metaspace:

Usage:
  Non-class:      5.47 MB used.
      Class:    518.99 KB used.
       Both:      5.97 MB used.

Virtual space:
  Non-class space:        8.00 MB reserved,       5.50 MB ( 69%) committed,  1 nodes.
      Class space:        1.00 GB reserved,     576.00 KB ( <1%) committed,  1 nodes.
             Both:        1.01 GB reserved,       6.06 MB ( <1%) committed. 

Chunk freelists:
   Non-Class:  2.47 MB
       Class:  3.25 MB
        Both:  5.72 MB

MaxMetaspaceSize: unlimited
CompressedClassSpaceSize: 1.00 GB
Initial GC threshold: 21.00 MB
Current GC threshold: 21.00 MB
CDS: off
MetaspaceReclaimPolicy: balanced
 - commit_granule_bytes: 65536.
 - commit_granule_words: 8192.
 - virtual_space_node_default_size: 1048576.
 - enlarge_chunks_in_place: 1.
 - new_chunks_are_fully_committed: 0.
 - uncommit_free_chunks: 1.
 - use_allocation_guard: 0.
 - handle_deallocations: 1.


Internal statistics:

num_allocs_failed_limit: 0.
num_arena_births: 6.
num_arena_deaths: 0.
num_vsnodes_births: 2.
num_vsnodes_deaths: 0.
num_space_committed: 97.
num_space_uncommitted: 0.
num_chunks_returned_to_freelist: 0.
num_chunks_taken_from_freelist: 21.
num_chunk_merges: 0.
num_chunk_splits: 8.
num_chunks_enlarged: 3.
num_purges: 0.
num_inconsistent_stats: 0.

CodeHeap 'non-profiled nmethods': size=119168Kb used=50Kb max_used=50Kb free=119117Kb
 bounds [0x000002a2f7e60000, 0x000002a2f80d0000, 0x000002a2ff2c0000]
CodeHeap 'profiled nmethods': size=119104Kb used=241Kb max_used=241Kb free=118862Kb
 bounds [0x000002a2f0a10000, 0x000002a2f0c80000, 0x000002a2f7e60000]
CodeHeap 'non-nmethods': size=7488Kb used=1668Kb max_used=1681Kb free=5819Kb
 bounds [0x000002a2f02c0000, 0x000002a2f0530000, 0x000002a2f0a10000]
 total_blobs=524 nmethods=156 adapters=280
 compilation: enabled
              stopped_count=0, restarted_count=0
 full_count=0

Compilation events (20 events):
Event: 0.130 Thread 0x000002a28d6a9140  141       4       java.util.concurrent.ConcurrentHashMap::spread (10 bytes)
Event: 0.131 Thread 0x000002a28d6a9140 nmethod 141 0x000002a2f7e6ad90 code [0x000002a2f7e6af00, 0x000002a2f7e6af78]
Event: 0.132 Thread 0x000002a28d659010  144       3       java.util.concurrent.ConcurrentHashMap::get (162 bytes)
Event: 0.132 Thread 0x000002a28d659010 nmethod 144 0x000002a2f0a47e90 code [0x000002a2f0a480e0, 0x000002a2f0a48be8]
Event: 0.133 Thread 0x000002a28d4dac90  147       3       java.lang.AbstractStringBuilder::putStringAt (12 bytes)
Event: 0.133 Thread 0x000002a28d659010  148       3       java.lang.AbstractStringBuilder::putStringAt (34 bytes)
Event: 0.133 Thread 0x000002a28d4dac90 nmethod 147 0x000002a2f0a48f10 code [0x000002a2f0a490c0, 0x000002a2f0a49308]
Event: 0.133 Thread 0x000002a28d4dac90  149       3       java.lang.AbstractStringBuilder::getCoder (15 bytes)
Event: 0.133 Thread 0x000002a28d659010 nmethod 148 0x000002a2f0a49490 code [0x000002a2f0a49660, 0x000002a2f0a49978]
Event: 0.133 Thread 0x000002a28d659010  150       3       java.lang.String::getBytes (46 bytes)
Event: 0.133 Thread 0x000002a28d4dac90 nmethod 149 0x000002a2f0a49b10 code [0x000002a2f0a49ca0, 0x000002a2f0a49dd8]
Event: 0.134 Thread 0x000002a28d659010 nmethod 150 0x000002a2f0a49e90 code [0x000002a2f0a4a060, 0x000002a2f0a4a378]
Event: 0.135 Thread 0x000002a28d6a9140  151       4       java.lang.String::charAt (25 bytes)
Event: 0.136 Thread 0x000002a28d659010  152       1       java.lang.invoke.MethodType::returnType (5 bytes)
Event: 0.136 Thread 0x000002a28d6a9140 nmethod 151 0x000002a2f7e6bc90 code [0x000002a2f7e6be00, 0x000002a2f7e6bed8]
Event: 0.136 Thread 0x000002a28d659010 nmethod 152 0x000002a2f7e6c610 code [0x000002a2f7e6c7a0, 0x000002a2f7e6c878]
Event: 0.137 Thread 0x000002a28d4dac90  155       3       java.lang.StringLatin1::lastIndexOf (40 bytes)
Event: 0.137 Thread 0x000002a28d4dac90 nmethod 155 0x000002a2f0a4a490 code [0x000002a2f0a4a660, 0x000002a2f0a4aa58]
Event: 0.141 Thread 0x000002a28d4dac90  156       3       java.util.HashMap::putVal (300 bytes)
Event: 0.142 Thread 0x000002a28d4dac90 nmethod 156 0x000002a2f0a4ab90 code [0x000002a2f0a4ae20, 0x000002a2f0a4c0b8]

GC Heap History (0 events):
No events

Deoptimization events (20 events):
Event: 0.091 Thread 0x000002a2eb39fe90 DEOPT PACKING pc=0x000002a2f0a2b98c sp=0x000000cdf59fa150
Event: 0.091 Thread 0x000002a2eb39fe90 DEOPT UNPACKING pc=0x000002a2f0316763 sp=0x000000cdf59f95e0 mode 0
Event: 0.091 Thread 0x000002a2eb39fe90 DEOPT PACKING pc=0x000002a2f0a2b98c sp=0x000000cdf59fa150
Event: 0.091 Thread 0x000002a2eb39fe90 DEOPT UNPACKING pc=0x000002a2f0316763 sp=0x000000cdf59f95e0 mode 0
Event: 0.092 Thread 0x000002a2eb39fe90 DEOPT PACKING pc=0x000002a2f0a2b98c sp=0x000000cdf59fa150
Event: 0.092 Thread 0x000002a2eb39fe90 DEOPT UNPACKING pc=0x000002a2f0316763 sp=0x000000cdf59f95e0 mode 0
Event: 0.092 Thread 0x000002a2eb39fe90 DEOPT PACKING pc=0x000002a2f0a2b98c sp=0x000000cdf59fa150
Event: 0.092 Thread 0x000002a2eb39fe90 DEOPT UNPACKING pc=0x000002a2f0316763 sp=0x000000cdf59f95e0 mode 0
Event: 0.092 Thread 0x000002a2eb39fe90 DEOPT PACKING pc=0x000002a2f0a2b98c sp=0x000000cdf59fa150
Event: 0.092 Thread 0x000002a2eb39fe90 DEOPT UNPACKING pc=0x000002a2f0316763 sp=0x000000cdf59f95e0 mode 0
Event: 0.092 Thread 0x000002a2eb39fe90 DEOPT PACKING pc=0x000002a2f0a2b98c sp=0x000000cdf59fa150
Event: 0.092 Thread 0x000002a2eb39fe90 DEOPT UNPACKING pc=0x000002a2f0316763 sp=0x000000cdf59f95e0 mode 0
Event: 0.092 Thread 0x000002a2eb39fe90 DEOPT PACKING pc=0x000002a2f0a2b98c sp=0x000000cdf59fa150
Event: 0.092 Thread 0x000002a2eb39fe90 DEOPT UNPACKING pc=0x000002a2f0316763 sp=0x000000cdf59f95e0 mode 0
Event: 0.092 Thread 0x000002a2eb39fe90 DEOPT PACKING pc=0x000002a2f0a2b98c sp=0x000000cdf59fa150
Event: 0.092 Thread 0x000002a2eb39fe90 DEOPT UNPACKING pc=0x000002a2f0316763 sp=0x000000cdf59f95e0 mode 0
Event: 0.092 Thread 0x000002a2eb39fe90 Uncommon trap: trap_request=0xffffff45 fr.pc=0x000002a2f7e646f8 relative=0x0000000000000158
Event: 0.092 Thread 0x000002a2eb39fe90 Uncommon trap: reason=unstable_if action=reinterpret pc=0x000002a2f7e646f8 method=java.util.zip.ZipFile$Source.isMetaName([BII)Z @ 3 c2
Event: 0.092 Thread 0x000002a2eb39fe90 DEOPT PACKING pc=0x000002a2f7e646f8 sp=0x000000cdf59fa280
Event: 0.092 Thread 0x000002a2eb39fe90 DEOPT UNPACKING pc=0x000002a2f0315c23 sp=0x000000cdf59fa228 mode 2

Classes unloaded (0 events):
No events

Classes redefined (0 events):
No events

Internal exceptions (0 events):
No events

VM Operations (4 events):
Event: 0.103 Executing VM operation: HandshakeAllThreads
Event: 0.103 Executing VM operation: HandshakeAllThreads done
Event: 0.103 Executing VM operation: HandshakeAllThreads
Event: 0.103 Executing VM operation: HandshakeAllThreads done

Events (20 events):
Event: 0.141 loading class sun/reflect/annotation/AnnotationParser done
Event: 0.142 loading class jdk/internal/reflect/NativeMethodAccessorImpl
Event: 0.142 loading class jdk/internal/reflect/NativeMethodAccessorImpl done
Event: 0.142 loading class jdk/internal/reflect/DelegatingMethodAccessorImpl
Event: 0.142 loading class jdk/internal/reflect/DelegatingMethodAccessorImpl done
Event: 0.142 loading class java/util/Spliterators$1Adapter
Event: 0.142 loading class java/util/function/Consumer
Event: 0.142 loading class java/util/function/Consumer done
Event: 0.142 loading class java/util/Spliterators$1Adapter done
Event: 0.142 loading class java/util/HashMap$Values
Event: 0.142 loading class java/util/HashMap$Values done
Event: 0.142 loading class java/util/HashMap$ValueIterator
Event: 0.143 loading class java/util/HashMap$ValueIterator done
Event: 0.143 loading class java/util/ServiceLoader$LazyClassPathLookupIterator
Event: 0.143 loading class java/util/ServiceLoader$LazyClassPathLookupIterator done
Event: 0.144 loading class java/util/ServiceLoader$2
Event: 0.144 loading class java/util/ServiceLoader$2 done
Event: 0.144 loading class java/util/ServiceLoader$3
Event: 0.144 loading class java/util/ServiceLoader$3 done
Event: 0.144 loading class jdk/internal/module/Resources


Dynamic libraries:
0x00007ff741f50000 - 0x00007ff741f5a000 	D:\TOOLS\IntelliJ IDEA\IntelliJ IDEA 2022.2.2\jbr\bin\java.exe
0x00007ffe5cff0000 - 0x00007ffe5d204000 	C:\WINDOWS\SYSTEM32\ntdll.dll
0x00007ffe5adf0000 - 0x00007ffe5aeb2000 	C:\WINDOWS\System32\KERNEL32.DLL
0x00007ffe5a410000 - 0x00007ffe5a7b3000 	C:\WINDOWS\System32\KERNELBASE.dll
0x00007ffe5ac30000 - 0x00007ffe5ad41000 	C:\WINDOWS\System32\ucrtbase.dll
0x00007ffe2f8a0000 - 0x00007ffe2f8b7000 	D:\TOOLS\IntelliJ IDEA\IntelliJ IDEA 2022.2.2\jbr\bin\jli.dll
0x00007ffe53ea0000 - 0x00007ffe53ebb000 	D:\TOOLS\IntelliJ IDEA\IntelliJ IDEA 2022.2.2\jbr\bin\VCRUNTIME140.dll
0x00007ffe5aec0000 - 0x00007ffe5b06b000 	C:\WINDOWS\System32\USER32.dll
0x00007ffe5ac00000 - 0x00007ffe5ac26000 	C:\WINDOWS\System32\win32u.dll
0x00007ffe5b5b0000 - 0x00007ffe5b5d9000 	C:\WINDOWS\System32\GDI32.dll
0x00007ffe3a650000 - 0x00007ffe3a8de000 	C:\WINDOWS\WinSxS\amd64_microsoft.windows.common-controls_6595b64144ccf1df_6.0.22621.1635_none_270f70857386168e\COMCTL32.dll
0x00007ffe5a970000 - 0x00007ffe5aa88000 	C:\WINDOWS\System32\gdi32full.dll
0x00007ffe5b400000 - 0x00007ffe5b4a7000 	C:\WINDOWS\System32\msvcrt.dll
0x00007ffe5ad50000 - 0x00007ffe5adea000 	C:\WINDOWS\System32\msvcp_win.dll
0x00007ffe5bb60000 - 0x00007ffe5bb91000 	C:\WINDOWS\System32\IMM32.DLL
0x00007ffe53000000 - 0x00007ffe5300c000 	D:\TOOLS\IntelliJ IDEA\IntelliJ IDEA 2022.2.2\jbr\bin\vcruntime140_1.dll
0x00007ffe0fe50000 - 0x00007ffe0fedd000 	D:\TOOLS\IntelliJ IDEA\IntelliJ IDEA 2022.2.2\jbr\bin\msvcp140.dll
0x00007ffdac4a0000 - 0x00007ffdad109000 	D:\TOOLS\IntelliJ IDEA\IntelliJ IDEA 2022.2.2\jbr\bin\server\jvm.dll
0x00007ffe5c520000 - 0x00007ffe5c5ce000 	C:\WINDOWS\System32\ADVAPI32.dll
0x00007ffe5b640000 - 0x00007ffe5b6e4000 	C:\WINDOWS\System32\sechost.dll
0x00007ffe5bc00000 - 0x00007ffe5bd17000 	C:\WINDOWS\System32\RPCRT4.dll
0x00007ffe5b240000 - 0x00007ffe5b248000 	C:\WINDOWS\System32\PSAPI.DLL
0x00007ffe366f0000 - 0x00007ffe366f9000 	C:\WINDOWS\SYSTEM32\WSOCK32.dll
0x00007ffe518f0000 - 0x00007ffe518fa000 	C:\WINDOWS\SYSTEM32\VERSION.dll
0x00007ffe51620000 - 0x00007ffe51654000 	C:\WINDOWS\SYSTEM32\WINMM.dll
0x00007ffe5c5f0000 - 0x00007ffe5c661000 	C:\WINDOWS\System32\WS2_32.dll
0x00007ffe59550000 - 0x00007ffe59568000 	C:\WINDOWS\SYSTEM32\kernel.appcore.dll
0x00007ffe53130000 - 0x00007ffe5313a000 	D:\TOOLS\IntelliJ IDEA\IntelliJ IDEA 2022.2.2\jbr\bin\jimage.dll
0x00007ffe57d00000 - 0x00007ffe57f2e000 	C:\WINDOWS\SYSTEM32\DBGHELP.DLL
0x00007ffe5b6f0000 - 0x00007ffe5ba79000 	C:\WINDOWS\System32\combase.dll
0x00007ffe5b070000 - 0x00007ffe5b147000 	C:\WINDOWS\System32\OLEAUT32.dll
0x00007ffe36870000 - 0x00007ffe368a2000 	C:\WINDOWS\SYSTEM32\dbgcore.DLL
0x00007ffe5a8f0000 - 0x00007ffe5a96b000 	C:\WINDOWS\System32\bcryptPrimitives.dll
0x00007ffe53100000 - 0x00007ffe53125000 	D:\TOOLS\IntelliJ IDEA\IntelliJ IDEA 2022.2.2\jbr\bin\java.dll
0x00007ffe530e0000 - 0x00007ffe530f8000 	D:\TOOLS\IntelliJ IDEA\IntelliJ IDEA 2022.2.2\jbr\bin\zip.dll
0x00007ffe5bd20000 - 0x00007ffe5c51a000 	C:\WINDOWS\System32\SHELL32.dll
0x00007ffe58420000 - 0x00007ffe58cee000 	C:\WINDOWS\SYSTEM32\windows.storage.dll
0x00007ffe58190000 - 0x00007ffe582ce000 	C:\WINDOWS\SYSTEM32\wintypes.dll
0x00007ffe5c840000 - 0x00007ffe5c931000 	C:\WINDOWS\System32\SHCORE.dll
0x00007ffe5b5e0000 - 0x00007ffe5b63e000 	C:\WINDOWS\System32\shlwapi.dll
0x00007ffe5a340000 - 0x00007ffe5a361000 	C:\WINDOWS\SYSTEM32\profapi.dll
0x00007ffe530c0000 - 0x00007ffe530d9000 	D:\TOOLS\IntelliJ IDEA\IntelliJ IDEA 2022.2.2\jbr\bin\net.dll
0x00007ffe51130000 - 0x00007ffe51267000 	C:\WINDOWS\SYSTEM32\WINHTTP.dll
0x00007ffe599c0000 - 0x00007ffe59a29000 	C:\WINDOWS\system32\mswsock.dll
0x00007ffe530a0000 - 0x00007ffe530b6000 	D:\TOOLS\IntelliJ IDEA\IntelliJ IDEA 2022.2.2\jbr\bin\nio.dll
0x00007ffe53090000 - 0x00007ffe530a0000 	D:\TOOLS\IntelliJ IDEA\IntelliJ IDEA 2022.2.2\jbr\bin\verify.dll

dbghelp: loaded successfully - version: 4.0.5 - missing functions: none
symbol engine: initialized successfully - sym options: 0x614 - pdb path: .;D:\TOOLS\IntelliJ IDEA\IntelliJ IDEA 2022.2.2\jbr\bin;C:\WINDOWS\SYSTEM32;C:\WINDOWS\WinSxS\amd64_microsoft.windows.common-controls_6595b64144ccf1df_6.0.22621.1635_none_270f70857386168e;D:\TOOLS\IntelliJ IDEA\IntelliJ IDEA 2022.2.2\jbr\bin\server

VM Arguments:
java_command: git4idea.http.GitAskPassApp Password for 'https://mzyy867734122@163.com@gitee.com': 
java_class_path (initial): D:/TOOLS/IntelliJ IDEA/IntelliJ IDEA 2022.2.2/plugins/git4idea/lib/git4idea-rt.jar;D:/TOOLS/IntelliJ IDEA/IntelliJ IDEA 2022.2.2/lib/externalProcess-rt.jar;D:/TOOLS/IntelliJ IDEA/IntelliJ IDEA 2022.2.2/lib/app.jar;D:/TOOLS/IntelliJ IDEA/IntelliJ IDEA 2022.2.2/lib/3rd-party-rt.jar
Launcher Type: SUN_STANDARD

[Global flags]
     intx CICompilerCount                          = 12                                        {product} {ergonomic}
     uint ConcGCThreads                            = 3                                         {product} {ergonomic}
     uint G1ConcRefinementThreads                  = 13                                        {product} {ergonomic}
   size_t G1HeapRegionSize                         = 2097152                                   {product} {ergonomic}
    uintx GCDrainStackTargetSize                   = 64                                        {product} {ergonomic}
   size_t InitialHeapSize                          = 264241152                                 {product} {ergonomic}
   size_t MarkStackSize                            = 4194304                                   {product} {ergonomic}
   size_t MaxHeapSize                              = 4200595456                                {product} {ergonomic}
   size_t MaxNewSize                               = 2518679552                                {product} {ergonomic}
   size_t MinHeapDeltaBytes                        = 2097152                                   {product} {ergonomic}
   size_t MinHeapSize                              = 8388608                                   {product} {ergonomic}
    uintx NonNMethodCodeHeapSize                   = 7602480                                {pd product} {ergonomic}
    uintx NonProfiledCodeHeapSize                  = 122027880                              {pd product} {ergonomic}
    uintx ProfiledCodeHeapSize                     = 122027880                              {pd product} {ergonomic}
    uintx ReservedCodeCacheSize                    = 251658240                              {pd product} {ergonomic}
     bool SegmentedCodeCache                       = true                                      {product} {ergonomic}
   size_t SoftMaxHeapSize                          = 4200595456                             {manageable} {ergonomic}
     bool UseCompressedClassPointers               = true                           {product lp64_product} {ergonomic}
     bool UseCompressedOops                        = true                           {product lp64_product} {ergonomic}
     bool UseG1GC                                  = true                                      {product} {ergonomic}
     bool UseLargePagesIndividualAllocation        = false                                  {pd product} {ergonomic}

Logging:
Log output configuration:
 #0: stdout all=warning uptime,level,tags
 #1: stderr all=off uptime,level,tags

Environment Variables:
JAVA_HOME=D:\TOOLS\jdk8
CLASSPATH=.;D:\TOOLS\jdk8\lib\dt.jar;D:\TOOLS\jdk8\lib\tools.jar;
PATH=D:\TOOLS\Git\mingw64\libexec\git-core;D:\TOOLS\Git\mingw64\libexec\git-core;D:\TOOLS\Git\mingw64\bin;D:\TOOLS\Git\usr\bin;C:\Users\Judy\bin;C:\Program Files (x86)\NVIDIA Corporation\PhysX\Common;D:\Allapp\vmware16pro\bin;C:\Windows\system32;C:\Windows;C:\Windows\System32\Wbem;C:\Windows\System32\WindowsPowerShell\v1.0;C:\Windows\System32\OpenSSH;D:\Allapp\BandiZip;D:\TOOLS\Git\cmd;C:\Program Files\dotnet;D:\TOOLS\Tomcat8.5.82\bin;D:\TOOLS\jdk8\bin;D:\TOOLS\jdk8\jre\bin;%MYSQL_HOME%\bin;D:\TOOLS\mysql5.7\bin;D:\TOOLS\mysql8\bin;D:\TOOLS\maven3.8.6\bin;C:\Program Files\NVIDIA Corporation\NVIDIA NvDLISR;D:\Allapp\VivoEasyShare\EasyShare\x86;D:\Allapp\VivoEasyShare\EasyShare\x64;D:\TOOLS\mingw64\bin;C:\WINDOWS\system32;C:\WINDOWS;C:\WINDOWS\System32\Wbem;C:\WINDOWS\System32\WindowsPowerShell\v1.0;C:\WINDOWS\System32\OpenSSH;D:\TOOLS\CodeArts\bin;D:\Allapp\vivoPcsuite\pcsuite;D:\TOOLS\nodejs10\node_global\node_modules\yarn\bin;D:\TOOLS\nodejs10;D:\TOOLS\GO1.20\bin;C:\Users\Judy\AppData\Local\Programs\Python\Python310\Scripts;C:\Users\Judy\AppData\Local\Programs\Python\Python310;C:\Users\Judy\AppData\Local\Microsoft\WindowsApps;D:\TOOLS\Microsoft VS Code\bin;D:\TOOLS\IntelliJ IDEA\IntelliJ IDEA 2022.2.2\bin;C:\Users\Judy\AppData\Roaming\npm;C:\Users\Judy\go\bin
USERNAME=Judy
DISPLAY=:0.0
LC_ALL=en_US.UTF-8
TERM=xterm-256color
TMPDIR=C:\Users\Judy\AppData\Local\Temp
OS=Windows_NT
PROCESSOR_IDENTIFIER=Intel64 Family 6 Model 141 Stepping 1, GenuineIntel
TMP=C:\Users\Judy\AppData\Local\Temp
TEMP=C:\Users\Judy\AppData\Local\Temp



---------------  S Y S T E M  ---------------

OS:
 Windows 11 , 64 bit Build 22621 (10.0.22621.1635)
OS uptime: 0 days 21:59 hours

CPU: total 16 (initial active 16) (8 cores per cpu, 2 threads per core) family 6 model 141 stepping 1 microcode 0x42, cx8, cmov, fxsr, ht, mmx, 3dnowpref, sse, sse2, sse3, ssse3, sse4.1, sse4.2, popcnt, lzcnt, tsc, tscinvbit, avx, avx2, aes, erms, clmul, bmi1, bmi2, adx, avx512f, avx512dq, avx512cd, avx512bw, avx512vl, sha, fma, vzeroupper, avx512_vpopcntdq, avx512_vpclmulqdq, avx512_vaes, avx512_vnni, clflush, clflushopt, clwb, avx512_vbmi2, avx512_vbmi

Memory: 4k page, system-wide physical 16021M (2884M free)
TotalPageFile size 30910M (AvailPageFile size 0M)
current process WorkingSet (physical memory assigned to process): 49M, peak: 49M
current process commit charge ("private bytes"): 347M, peak: 347M

vm_info: OpenJDK 64-Bit Server VM (17.0.4+7-b469.53) for windows-amd64 JRE (17.0.4+7-b469.53), built on 2022-08-29 by "builduser" with MS VC++ 16.10 / 16.11 (VS2019)

END.
